{
  "RSpec": {
    "coverage": {
      "/Users/mallepvl/git-repo/application_portfolio/app/models/user.rb": [
        null,
        null,
        1,
        null,
        null,
        1,
        null,
        null
      ],
      "/Users/mallepvl/git-repo/application_portfolio/app/models/application_record.rb": [
        null,
        null,
        1,
        1,
        null
      ],
      "/Users/mallepvl/git-repo/application_portfolio/app/helpers/application_helper.rb": [
        null,
        null,
        1,
        null
      ],
      "/Users/mallepvl/git-repo/application_portfolio/app/controllers/front_controller.rb": [
        null,
        null,
        1,
        1,
        1,
        null,
        null
      ],
      "/Users/mallepvl/git-repo/application_portfolio/app/controllers/application_controller.rb": [
        null,
        null,
        null,
        1,
        null,
        1,
        null,
        0,
        null,
        null
      ],
      "/Users/mallepvl/git-repo/application_portfolio/app/mailers/application_mailer.rb": [
        null,
        null,
        0,
        0,
        0,
        0
      ],
      "/Users/mallepvl/git-repo/application_portfolio/app/jobs/application_job.rb": [
        null,
        null,
        0,
        0
      ],
      "/Users/mallepvl/git-repo/application_portfolio/app/channels/application_cable/connection.rb": [
        null,
        null,
        0,
        0,
        0,
        0
      ],
      "/Users/mallepvl/git-repo/application_portfolio/app/channels/application_cable/channel.rb": [
        null,
        null,
        0,
        0,
        0,
        0
      ]
    },
    "timestamp": 1573679243
  }
}
